{"/home/ishaan/Desktop/dateless/src/create/index.ts": {"path":"/home/ishaan/Desktop/dateless/src/create/index.ts","statementMap":{"0":{"start":{"line":28,"column":18},"end":{"line":54,"column":1}},"1":{"start":{"line":29,"column":2},"end":{"line":29,"column":null}},"2":{"start":{"line":29,"column":14},"end":{"line":29,"column":null}},"3":{"start":{"line":31,"column":2},"end":{"line":42,"column":null}},"4":{"start":{"line":32,"column":66},"end":{"line":32,"column":71}},"5":{"start":{"line":33,"column":4},"end":{"line":41,"column":null}},"6":{"start":{"line":44,"column":66},"end":{"line":44,"column":71}},"7":{"start":{"line":45,"column":2},"end":{"line":53,"column":null}},"8":{"start":{"line":24,"column":13},"end":{"line":24,"column":null}},"9":{"start":{"line":56,"column":0},"end":{"line":56,"column":null}}},"fnMap":{"0":{"name":"(anonymous_0)","decl":{"start":{"line":28,"column":18},"end":{"line":28,"column":19}},"loc":{"start":{"line":28,"column":28},"end":{"line":54,"column":1}}}},"branchMap":{"0":{"loc":{"start":{"line":29,"column":2},"end":{"line":29,"column":null}},"type":"if","locations":[{"start":{"line":29,"column":2},"end":{"line":29,"column":null}},{"start":{"line":29,"column":2},"end":{"line":29,"column":null}}]},"1":{"loc":{"start":{"line":31,"column":2},"end":{"line":42,"column":null}},"type":"if","locations":[{"start":{"line":31,"column":2},"end":{"line":42,"column":null}},{"start":{"line":31,"column":2},"end":{"line":42,"column":null}}]},"2":{"loc":{"start":{"line":35,"column":7},"end":{"line":35,"column":12}},"type":"binary-expr","locations":[{"start":{"line":35,"column":7},"end":{"line":35,"column":12}},{"start":{"line":35,"column":16},"end":{"line":35,"column":17}}]},"3":{"loc":{"start":{"line":36,"column":6},"end":{"line":36,"column":9}},"type":"binary-expr","locations":[{"start":{"line":36,"column":6},"end":{"line":36,"column":9}},{"start":{"line":36,"column":13},"end":{"line":36,"column":14}}]},"4":{"loc":{"start":{"line":37,"column":6},"end":{"line":37,"column":10}},"type":"binary-expr","locations":[{"start":{"line":37,"column":6},"end":{"line":37,"column":10}},{"start":{"line":37,"column":14},"end":{"line":37,"column":15}}]},"5":{"loc":{"start":{"line":38,"column":6},"end":{"line":38,"column":12}},"type":"binary-expr","locations":[{"start":{"line":38,"column":6},"end":{"line":38,"column":12}},{"start":{"line":38,"column":16},"end":{"line":38,"column":17}}]},"6":{"loc":{"start":{"line":39,"column":6},"end":{"line":39,"column":12}},"type":"binary-expr","locations":[{"start":{"line":39,"column":6},"end":{"line":39,"column":12}},{"start":{"line":39,"column":16},"end":{"line":39,"column":17}}]},"7":{"loc":{"start":{"line":40,"column":6},"end":{"line":40,"column":17}},"type":"binary-expr","locations":[{"start":{"line":40,"column":6},"end":{"line":40,"column":17}},{"start":{"line":40,"column":21},"end":{"line":40,"column":22}}]},"8":{"loc":{"start":{"line":47,"column":5},"end":{"line":47,"column":10}},"type":"binary-expr","locations":[{"start":{"line":47,"column":5},"end":{"line":47,"column":10}},{"start":{"line":47,"column":14},"end":{"line":47,"column":15}}]},"9":{"loc":{"start":{"line":48,"column":4},"end":{"line":48,"column":7}},"type":"binary-expr","locations":[{"start":{"line":48,"column":4},"end":{"line":48,"column":7}},{"start":{"line":48,"column":11},"end":{"line":48,"column":12}}]},"10":{"loc":{"start":{"line":49,"column":4},"end":{"line":49,"column":8}},"type":"binary-expr","locations":[{"start":{"line":49,"column":4},"end":{"line":49,"column":8}},{"start":{"line":49,"column":12},"end":{"line":49,"column":13}}]},"11":{"loc":{"start":{"line":50,"column":4},"end":{"line":50,"column":10}},"type":"binary-expr","locations":[{"start":{"line":50,"column":4},"end":{"line":50,"column":10}},{"start":{"line":50,"column":14},"end":{"line":50,"column":15}}]},"12":{"loc":{"start":{"line":51,"column":4},"end":{"line":51,"column":10}},"type":"binary-expr","locations":[{"start":{"line":51,"column":4},"end":{"line":51,"column":10}},{"start":{"line":51,"column":14},"end":{"line":51,"column":15}}]},"13":{"loc":{"start":{"line":52,"column":4},"end":{"line":52,"column":15}},"type":"binary-expr","locations":[{"start":{"line":52,"column":4},"end":{"line":52,"column":15}},{"start":{"line":52,"column":19},"end":{"line":52,"column":20}}]}},"s":{"0":3,"1":36,"2":0,"3":36,"4":17,"5":17,"6":19,"7":19,"8":3,"9":3},"f":{"0":36},"b":{"0":[0,36],"1":[17,19],"2":[17,5],"3":[17,7],"4":[17,9],"5":[17,11],"6":[17,13],"7":[17,15],"8":[19,1],"9":[19,1],"10":[19,8],"11":[19,8],"12":[19,8],"13":[19,8]}}
,"/home/ishaan/Desktop/dateless/src/get/index.ts": {"path":"/home/ishaan/Desktop/dateless/src/get/index.ts","statementMap":{"0":{"start":{"line":4,"column":23},"end":{"line":5,"column":35}},"1":{"start":{"line":5,"column":2},"end":{"line":5,"column":35}},"2":{"start":{"line":4,"column":13},"end":{"line":4,"column":23}},"3":{"start":{"line":8,"column":24},"end":{"line":9,"column":36}},"4":{"start":{"line":9,"column":2},"end":{"line":9,"column":36}},"5":{"start":{"line":8,"column":13},"end":{"line":8,"column":24}},"6":{"start":{"line":12,"column":27},"end":{"line":13,"column":31}},"7":{"start":{"line":13,"column":2},"end":{"line":13,"column":31}},"8":{"start":{"line":12,"column":13},"end":{"line":12,"column":27}},"9":{"start":{"line":15,"column":13},"end":{"line":15,"column":null}},"10":{"start":{"line":18,"column":24},"end":{"line":19,"column":32}},"11":{"start":{"line":19,"column":2},"end":{"line":19,"column":32}},"12":{"start":{"line":18,"column":13},"end":{"line":18,"column":24}},"13":{"start":{"line":22,"column":26},"end":{"line":23,"column":34}},"14":{"start":{"line":23,"column":2},"end":{"line":23,"column":34}},"15":{"start":{"line":22,"column":13},"end":{"line":22,"column":26}},"16":{"start":{"line":26,"column":26},"end":{"line":27,"column":34}},"17":{"start":{"line":27,"column":2},"end":{"line":27,"column":34}},"18":{"start":{"line":26,"column":13},"end":{"line":26,"column":26}},"19":{"start":{"line":30,"column":31},"end":{"line":31,"column":39}},"20":{"start":{"line":31,"column":2},"end":{"line":31,"column":39}},"21":{"start":{"line":30,"column":13},"end":{"line":30,"column":31}},"22":{"start":{"line":33,"column":33},"end":{"line":51,"column":1}},"23":{"start":{"line":34,"column":2},"end":{"line":47,"column":null}},"24":{"start":{"line":35,"column":20},"end":{"line":35,"column":36}},"25":{"start":{"line":36,"column":22},"end":{"line":43,"column":null}},"26":{"start":{"line":46,"column":4},"end":{"line":46,"column":null}},"27":{"start":{"line":47,"column":9},"end":{"line":47,"column":null}},"28":{"start":{"line":47,"column":47},"end":{"line":47,"column":null}},"29":{"start":{"line":50,"column":2},"end":{"line":50,"column":null}},"30":{"start":{"line":33,"column":13},"end":{"line":33,"column":33}},"31":{"start":{"line":53,"column":45},"end":{"line":65,"column":1}},"32":{"start":{"line":57,"column":2},"end":{"line":61,"column":null}},"33":{"start":{"line":58,"column":22},"end":{"line":58,"column":41}},"34":{"start":{"line":60,"column":4},"end":{"line":60,"column":null}},"35":{"start":{"line":61,"column":9},"end":{"line":61,"column":null}},"36":{"start":{"line":61,"column":47},"end":{"line":61,"column":null}},"37":{"start":{"line":64,"column":2},"end":{"line":64,"column":null}},"38":{"start":{"line":53,"column":13},"end":{"line":53,"column":45}}},"fnMap":{"0":{"name":"(anonymous_0)","decl":{"start":{"line":4,"column":23},"end":{"line":4,"column":24}},"loc":{"start":{"line":5,"column":2},"end":{"line":5,"column":35}}},"1":{"name":"(anonymous_1)","decl":{"start":{"line":8,"column":24},"end":{"line":8,"column":25}},"loc":{"start":{"line":9,"column":2},"end":{"line":9,"column":36}}},"2":{"name":"(anonymous_2)","decl":{"start":{"line":12,"column":27},"end":{"line":12,"column":28}},"loc":{"start":{"line":13,"column":2},"end":{"line":13,"column":31}}},"3":{"name":"(anonymous_3)","decl":{"start":{"line":18,"column":24},"end":{"line":18,"column":25}},"loc":{"start":{"line":19,"column":2},"end":{"line":19,"column":32}}},"4":{"name":"(anonymous_4)","decl":{"start":{"line":22,"column":26},"end":{"line":22,"column":27}},"loc":{"start":{"line":23,"column":2},"end":{"line":23,"column":34}}},"5":{"name":"(anonymous_5)","decl":{"start":{"line":26,"column":26},"end":{"line":26,"column":27}},"loc":{"start":{"line":27,"column":2},"end":{"line":27,"column":34}}},"6":{"name":"(anonymous_6)","decl":{"start":{"line":30,"column":31},"end":{"line":30,"column":32}},"loc":{"start":{"line":31,"column":2},"end":{"line":31,"column":39}}},"7":{"name":"(anonymous_7)","decl":{"start":{"line":33,"column":33},"end":{"line":33,"column":34}},"loc":{"start":{"line":33,"column":76},"end":{"line":51,"column":1}}},"8":{"name":"(anonymous_8)","decl":{"start":{"line":53,"column":45},"end":{"line":53,"column":null}},"loc":{"start":{"line":56,"column":4},"end":{"line":65,"column":1}}}},"branchMap":{"0":{"loc":{"start":{"line":34,"column":2},"end":{"line":47,"column":null}},"type":"if","locations":[{"start":{"line":34,"column":2},"end":{"line":47,"column":null}},{"start":{"line":34,"column":2},"end":{"line":47,"column":null}}]},"1":{"loc":{"start":{"line":47,"column":9},"end":{"line":47,"column":null}},"type":"if","locations":[{"start":{"line":47,"column":9},"end":{"line":47,"column":null}},{"start":{"line":47,"column":9},"end":{"line":47,"column":null}}]},"2":{"loc":{"start":{"line":57,"column":2},"end":{"line":61,"column":null}},"type":"if","locations":[{"start":{"line":57,"column":2},"end":{"line":61,"column":null}},{"start":{"line":57,"column":2},"end":{"line":61,"column":null}}]},"3":{"loc":{"start":{"line":61,"column":9},"end":{"line":61,"column":null}},"type":"if","locations":[{"start":{"line":61,"column":9},"end":{"line":61,"column":null}},{"start":{"line":61,"column":9},"end":{"line":61,"column":null}}]}},"s":{"0":1,"1":2,"2":1,"3":1,"4":2,"5":1,"6":1,"7":2,"8":1,"9":1,"10":1,"11":2,"12":1,"13":1,"14":2,"15":1,"16":1,"17":2,"18":1,"19":1,"20":2,"21":1,"22":1,"23":3,"24":1,"25":1,"26":1,"27":2,"28":1,"29":1,"30":1,"31":1,"32":3,"33":1,"34":1,"35":2,"36":1,"37":1,"38":1},"f":{"0":2,"1":2,"2":2,"3":2,"4":2,"5":2,"6":2,"7":3,"8":3},"b":{"0":[1,2],"1":[1,1],"2":[1,2],"3":[1,1]}}
,"/home/ishaan/Desktop/dateless/src/set/index.ts": {"path":"/home/ishaan/Desktop/dateless/src/set/index.ts","statementMap":{"0":{"start":{"line":3,"column":23},"end":{"line":12,"column":1}},"1":{"start":{"line":9,"column":18},"end":{"line":9,"column":34}},"2":{"start":{"line":10,"column":2},"end":{"line":10,"column":null}},"3":{"start":{"line":11,"column":2},"end":{"line":11,"column":null}},"4":{"start":{"line":3,"column":13},"end":{"line":3,"column":23}},"5":{"start":{"line":14,"column":24},"end":{"line":23,"column":1}},"6":{"start":{"line":20,"column":18},"end":{"line":20,"column":34}},"7":{"start":{"line":21,"column":2},"end":{"line":21,"column":null}},"8":{"start":{"line":22,"column":2},"end":{"line":22,"column":null}},"9":{"start":{"line":14,"column":13},"end":{"line":14,"column":24}},"10":{"start":{"line":25,"column":27},"end":{"line":34,"column":1}},"11":{"start":{"line":31,"column":18},"end":{"line":31,"column":34}},"12":{"start":{"line":32,"column":2},"end":{"line":32,"column":null}},"13":{"start":{"line":33,"column":2},"end":{"line":33,"column":null}},"14":{"start":{"line":25,"column":13},"end":{"line":25,"column":27}},"15":{"start":{"line":36,"column":24},"end":{"line":40,"column":1}},"16":{"start":{"line":37,"column":18},"end":{"line":37,"column":34}},"17":{"start":{"line":38,"column":2},"end":{"line":38,"column":null}},"18":{"start":{"line":39,"column":2},"end":{"line":39,"column":null}},"19":{"start":{"line":36,"column":13},"end":{"line":36,"column":24}},"20":{"start":{"line":42,"column":26},"end":{"line":46,"column":1}},"21":{"start":{"line":43,"column":18},"end":{"line":43,"column":34}},"22":{"start":{"line":44,"column":2},"end":{"line":44,"column":null}},"23":{"start":{"line":45,"column":2},"end":{"line":45,"column":null}},"24":{"start":{"line":42,"column":13},"end":{"line":42,"column":26}},"25":{"start":{"line":48,"column":26},"end":{"line":52,"column":1}},"26":{"start":{"line":49,"column":18},"end":{"line":49,"column":34}},"27":{"start":{"line":50,"column":2},"end":{"line":50,"column":null}},"28":{"start":{"line":51,"column":2},"end":{"line":51,"column":null}},"29":{"start":{"line":48,"column":13},"end":{"line":48,"column":26}},"30":{"start":{"line":54,"column":31},"end":{"line":58,"column":1}},"31":{"start":{"line":55,"column":18},"end":{"line":55,"column":34}},"32":{"start":{"line":56,"column":2},"end":{"line":56,"column":null}},"33":{"start":{"line":57,"column":2},"end":{"line":57,"column":null}},"34":{"start":{"line":54,"column":13},"end":{"line":54,"column":31}}},"fnMap":{"0":{"name":"(anonymous_0)","decl":{"start":{"line":3,"column":23},"end":{"line":3,"column":null}},"loc":{"start":{"line":8,"column":4},"end":{"line":12,"column":1}}},"1":{"name":"(anonymous_1)","decl":{"start":{"line":14,"column":24},"end":{"line":14,"column":null}},"loc":{"start":{"line":19,"column":4},"end":{"line":23,"column":1}}},"2":{"name":"(anonymous_2)","decl":{"start":{"line":25,"column":27},"end":{"line":25,"column":null}},"loc":{"start":{"line":30,"column":4},"end":{"line":34,"column":1}}},"3":{"name":"(anonymous_3)","decl":{"start":{"line":36,"column":24},"end":{"line":36,"column":25}},"loc":{"start":{"line":36,"column":62},"end":{"line":40,"column":1}}},"4":{"name":"(anonymous_4)","decl":{"start":{"line":42,"column":26},"end":{"line":42,"column":27}},"loc":{"start":{"line":42,"column":66},"end":{"line":46,"column":1}}},"5":{"name":"(anonymous_5)","decl":{"start":{"line":48,"column":26},"end":{"line":48,"column":27}},"loc":{"start":{"line":48,"column":66},"end":{"line":52,"column":1}}},"6":{"name":"(anonymous_6)","decl":{"start":{"line":54,"column":31},"end":{"line":54,"column":32}},"loc":{"start":{"line":54,"column":76},"end":{"line":58,"column":1}}}},"branchMap":{},"s":{"0":1,"1":2,"2":2,"3":2,"4":1,"5":1,"6":1,"7":1,"8":1,"9":1,"10":1,"11":1,"12":1,"13":1,"14":1,"15":1,"16":1,"17":1,"18":1,"19":1,"20":1,"21":1,"22":1,"23":1,"24":1,"25":1,"26":1,"27":1,"28":1,"29":1,"30":1,"31":1,"32":1,"33":1,"34":1},"f":{"0":2,"1":1,"2":1,"3":1,"4":1,"5":1,"6":1},"b":{}}
}
