TN:
SF:src/create/index.ts
FN:28,(anonymous_0)
FNF:1
FNH:1
FNDA:36,(anonymous_0)
DA:24,3
DA:28,3
DA:29,36
DA:31,36
DA:32,17
DA:33,17
DA:44,19
DA:45,19
DA:56,3
LF:9
LH:9
BRDA:29,0,0,0
BRDA:29,0,1,36
BRDA:31,1,0,17
BRDA:31,1,1,19
BRDA:35,2,0,17
BRDA:35,2,1,5
BRDA:36,3,0,17
BRDA:36,3,1,7
BRDA:37,4,0,17
BRDA:37,4,1,9
BRDA:38,5,0,17
BRDA:38,5,1,11
BRDA:39,6,0,17
BRDA:39,6,1,13
BRDA:40,7,0,17
BRDA:40,7,1,15
BRDA:47,8,0,19
BRDA:47,8,1,1
BRDA:48,9,0,19
BRDA:48,9,1,1
BRDA:49,10,0,19
BRDA:49,10,1,8
BRDA:50,11,0,19
BRDA:50,11,1,8
BRDA:51,12,0,19
BRDA:51,12,1,8
BRDA:52,13,0,19
BRDA:52,13,1,8
BRF:28
BRH:27
end_of_record
TN:
SF:src/get/index.ts
FN:4,(anonymous_0)
FN:8,(anonymous_1)
FN:12,(anonymous_2)
FN:18,(anonymous_3)
FN:22,(anonymous_4)
FN:26,(anonymous_5)
FN:30,(anonymous_6)
FN:33,(anonymous_7)
FN:53,(anonymous_8)
FNF:9
FNH:9
FNDA:2,(anonymous_0)
FNDA:2,(anonymous_1)
FNDA:2,(anonymous_2)
FNDA:2,(anonymous_3)
FNDA:2,(anonymous_4)
FNDA:2,(anonymous_5)
FNDA:2,(anonymous_6)
FNDA:3,(anonymous_7)
FNDA:3,(anonymous_8)
DA:4,1
DA:5,2
DA:8,1
DA:9,2
DA:12,1
DA:13,2
DA:15,1
DA:18,1
DA:19,2
DA:22,1
DA:23,2
DA:26,1
DA:27,2
DA:30,1
DA:31,2
DA:33,1
DA:34,3
DA:35,1
DA:36,1
DA:46,1
DA:47,2
DA:50,1
DA:53,1
DA:57,3
DA:58,1
DA:60,1
DA:61,2
DA:64,1
LF:28
LH:28
BRDA:34,0,0,1
BRDA:34,0,1,2
BRDA:47,1,0,1
BRDA:47,1,1,1
BRDA:57,2,0,1
BRDA:57,2,1,2
BRDA:61,3,0,1
BRDA:61,3,1,1
BRF:8
BRH:8
end_of_record
TN:
SF:src/set/index.ts
FN:3,(anonymous_0)
FN:14,(anonymous_1)
FN:25,(anonymous_2)
FN:36,(anonymous_3)
FN:42,(anonymous_4)
FN:48,(anonymous_5)
FN:54,(anonymous_6)
FNF:7
FNH:7
FNDA:2,(anonymous_0)
FNDA:1,(anonymous_1)
FNDA:1,(anonymous_2)
FNDA:1,(anonymous_3)
FNDA:1,(anonymous_4)
FNDA:1,(anonymous_5)
FNDA:1,(anonymous_6)
DA:3,1
DA:9,2
DA:10,2
DA:11,2
DA:14,1
DA:20,1
DA:21,1
DA:22,1
DA:25,1
DA:31,1
DA:32,1
DA:33,1
DA:36,1
DA:37,1
DA:38,1
DA:39,1
DA:42,1
DA:43,1
DA:44,1
DA:45,1
DA:48,1
DA:49,1
DA:50,1
DA:51,1
DA:54,1
DA:55,1
DA:56,1
DA:57,1
LF:28
LH:28
BRF:0
BRH:0
end_of_record
